<?xml version="1.0" encoding="UTF-8"?>
<testsuite name="RunCukesTest" tests="0" skipped="0" failures="0" errors="0" timestamp="1970-01-01T00:00:00" hostname="NORMANP1DU" time="0.0">
  <properties/>
  <system-out><![CDATA[Feature: Calculate

  Scenario: Subtract two numbers  ?[90m# adding.feature:8?[0m
    ?[32mGiven ?[0m?[32mthe input "?[0m?[32m?[1m9-4?[0m?[32m"?[0m         ?[90m# add_steps.groovy:12?[0m
    ?[32mWhen ?[0m?[32mthe calculator is run?[0m    ?[90m# add_steps.groovy:16?[0m
    ?[32mThen ?[0m?[32mthe output should be "?[0m?[32m?[1m5?[0m?[32m"?[0m ?[90m# add_steps.groovy:21?[0m
Feature: I want to create a new repository
I create the * repository
monkey
UGhpbE5vcm1hbjI6QWxsaWUxMDA=
<java.lang.String@c0500bd3 value=monkey hash=-1068495917>
When I request a list of my repositories
<java.util.ArrayList@a9dac943 elementData=[[id:102619091, name:api-validation, full_name:PhilNorman2/api-validation, owner:[login:PhilNorman2, id:31697968, avatar_url:https://avatars2.githubusercontent.com/u/31697968?v=4, gravatar_id:, url:https://api.github.com/users/PhilNorman2, html_url:https://github.com/PhilNorman2, followers_url:https://api.github.com/users/PhilNorman2/followers, following_url:https://api.github.com/users/PhilNorman2/following{/other_user}, gists_url:https://api.github.com/users/PhilNorman2/gists{/gist_id}, starred_url:https://api.github.com/users/PhilNorman2/starred{/owner}{/repo}, subscriptions_url:https://api.github.com/users/PhilNorman2/subscriptions, organizations_url:https://api.github.com/users/PhilNorman2/orgs, repos_url:https://api.github.com/users/PhilNorman2/repos, events_url:https://api.github.com/users/PhilNorman2/events{/privacy}, received_events_url:https://api.github.com/users/PhilNorman2/received_events, type:User, site_admin:false], private:false, html_url:https://github.com/PhilNorman2/api-validation, description:null, fork:false, url:https://api.github.com/repos/PhilNorman2/api-validation, forks_url:https://api.github.com/repos/PhilNorman2/api-validation/forks, keys_url:https://api.github.com/repos/PhilNorman2/api-validation/keys{/key_id}, collaborators_url:https://api.github.com/repos/PhilNorman2/api-validation/collaborators{/collaborator}, teams_url:https://api.github.com/repos/PhilNorman2/api-validation/teams, hooks_url:https://api.github.com/repos/PhilNorman2/api-validation/hooks, issue_events_url:https://api.github.com/repos/PhilNorman2/api-validation/issues/events{/number}, events_url:https://api.github.com/repos/PhilNorman2/api-validation/events, assignees_url:https://api.github.com/repos/PhilNorman2/api-validation/assignees{/user}, branches_url:https://api.github.com/repos/PhilNorman2/api-validation/branches{/branch}, tags_url:https://api.github.com/repos/PhilNorman2/api-validation/tags, blobs_url:https://api.github.com/repos/PhilNorman2/api-validation/git/blobs{/sha}, git_tags_url:https://api.github.com/repos/PhilNorman2/api-validation/git/tags{/sha}, git_refs_url:https://api.github.com/repos/PhilNorman2/api-validation/git/refs{/sha}, trees_url:https://api.github.com/repos/PhilNorman2/api-validation/git/trees{/sha}, statuses_url:https://api.github.com/repos/PhilNorman2/api-validation/statuses/{sha}, languages_url:https://api.github.com/repos/PhilNorman2/api-validation/languages, stargazers_url:https://api.github.com/repos/PhilNorman2/api-validation/stargazers, contributors_url:https://api.github.com/repos/PhilNorman2/api-validation/contributors, subscribers_url:https://api.github.com/repos/PhilNorman2/api-validation/subscribers, subscription_url:https://api.github.com/repos/PhilNorman2/api-validation/subscription, commits_url:https://api.github.com/repos/PhilNorman2/api-validation/commits{/sha}, git_commits_url:https://api.github.com/repos/PhilNorman2/api-validation/git/commits{/sha}, comments_url:https://api.github.com/repos/PhilNorman2/api-validation/comments{/number}, issue_comment_url:https://api.github.com/repos/PhilNorman2/api-validation/issues/comments{/number}, contents_url:https://api.github.com/repos/PhilNorman2/api-validation/contents/{+path}, compare_url:https://api.github.com/repos/PhilNorman2/api-validation/compare/{base}...{head}, merges_url:https://api.github.com/repos/PhilNorman2/api-validation/merges, archive_url:https://api.github.com/repos/PhilNorman2/api-validation/{archive_format}{/ref}, downloads_url:https://api.github.com/repos/PhilNorman2/api-validation/downloads, issues_url:https://api.github.com/repos/PhilNorman2/api-validation/issues{/number}, pulls_url:https://api.github.com/repos/PhilNorman2/api-validation/pulls{/number}, milestones_url:https://api.github.com/repos/PhilNorman2/api-validation/milestones{/number}, notifications_url:https://api.github.com/repos/PhilNorman2/api-validation/notifications{?since,all,participating}, labels_url:https://api.github.com/repos/PhilNorman2/api-validation/labels{/name}, releases_url:https://api.github.com/repos/PhilNorman2/api-validation/releases{/id}, deployments_url:https://api.github.com/repos/PhilNorman2/api-validation/deployments, created_at:2017-09-06T14:31:09Z, updated_at:2017-09-11T17:49:26Z, pushed_at:2017-09-18T20:31:09Z, git_url:git://github.com/PhilNorman2/api-validation.git, ssh_url:git@github.com:PhilNorman2/api-validation.git, clone_url:https://github.com/PhilNorman2/api-validation.git, svn_url:https://github.com/PhilNorman2/api-validation, homepage:null, size:46, stargazers_count:0, watchers_count:0, language:PHP, has_issues:true, has_projects:true, has_downloads:true, has_wiki:true, has_pages:false, forks_count:0, mirror_url:null, open_issues_count:0, forks:0, open_issues:0, watchers:0, default_branch:master, permissions:[admin:true, push:true, pull:true]], [id:107580594, name:monkey, full_name:PhilNorman2/monkey, owner:[login:PhilNorman2, id:31697968, avatar_url:https://avatars2.githubusercontent.com/u/31697968?v=4, gravatar_id:, url:https://api.github.com/users/PhilNorman2, html_url:https://github.com/PhilNorman2, followers_url:https://api.github.com/users/PhilNorman2/followers, following_url:https://api.github.com/users/PhilNorman2/following{/other_user}, gists_url:https://api.github.com/users/PhilNorman2/gists{/gist_id}, starred_url:https://api.github.com/users/PhilNorman2/starred{/owner}{/repo}, subscriptions_url:https://api.github.com/users/PhilNorman2/subscriptions, organizations_url:https://api.github.com/users/PhilNorman2/orgs, repos_url:https://api.github.com/users/PhilNorman2/repos, events_url:https://api.github.com/users/PhilNorman2/events{/privacy}, received_events_url:https://api.github.com/users/PhilNorman2/received_events, type:User, site_admin:false], private:false, html_url:https://github.com/PhilNorman2/monkey, description:null, fork:false, url:https://api.github.com/repos/PhilNorman2/monkey, forks_url:https://api.github.com/repos/PhilNorman2/monkey/forks, keys_url:https://api.github.com/repos/PhilNorman2/monkey/keys{/key_id}, collaborators_url:https://api.github.com/repos/PhilNorman2/monkey/collaborators{/collaborator}, teams_url:https://api.github.com/repos/PhilNorman2/monkey/teams, hooks_url:https://api.github.com/repos/PhilNorman2/monkey/hooks, issue_events_url:https://api.github.com/repos/PhilNorman2/monkey/issues/events{/number}, events_url:https://api.github.com/repos/PhilNorman2/monkey/events, assignees_url:https://api.github.com/repos/PhilNorman2/monkey/assignees{/user}, branches_url:https://api.github.com/repos/PhilNorman2/monkey/branches{/branch}, tags_url:https://api.github.com/repos/PhilNorman2/monkey/tags, blobs_url:https://api.github.com/repos/PhilNorman2/monkey/git/blobs{/sha}, git_tags_url:https://api.github.com/repos/PhilNorman2/monkey/git/tags{/sha}, git_refs_url:https://api.github.com/repos/PhilNorman2/monkey/git/refs{/sha}, trees_url:https://api.github.com/repos/PhilNorman2/monkey/git/trees{/sha}, statuses_url:https://api.github.com/repos/PhilNorman2/monkey/statuses/{sha}, languages_url:https://api.github.com/repos/PhilNorman2/monkey/languages, stargazers_url:https://api.github.com/repos/PhilNorman2/monkey/stargazers, contributors_url:https://api.github.com/repos/PhilNorman2/monkey/contributors, subscribers_url:https://api.github.com/repos/PhilNorman2/monkey/subscribers, subscription_url:https://api.github.com/repos/PhilNorman2/monkey/subscription, commits_url:https://api.github.com/repos/PhilNorman2/monkey/commits{/sha}, git_commits_url:https://api.github.com/repos/PhilNorman2/monkey/git/commits{/sha}, comments_url:https://api.github.com/repos/PhilNorman2/monkey/comments{/number}, issue_comment_url:https://api.github.com/repos/PhilNorman2/monkey/issues/comments{/number}, contents_url:https://api.github.com/repos/PhilNorman2/monkey/contents/{+path}, compare_url:https://api.github.com/repos/PhilNorman2/monkey/compare/{base}...{head}, merges_url:https://api.github.com/repos/PhilNorman2/monkey/merges, archive_url:https://api.github.com/repos/PhilNorman2/monkey/{archive_format}{/ref}, downloads_url:https://api.github.com/repos/PhilNorman2/monkey/downloads, issues_url:https://api.github.com/repos/PhilNorman2/monkey/issues{/number}, pulls_url:https://api.github.com/repos/PhilNorman2/monkey/pulls{/number}, milestones_url:https://api.github.com/repos/PhilNorman2/monkey/milestones{/number}, notifications_url:https://api.github.com/repos/PhilNorman2/monkey/notifications{?since,all,participating}, labels_url:https://api.github.com/repos/PhilNorman2/monkey/labels{/name}, releases_url:https://api.github.com/repos/PhilNorman2/monkey/releases{/id}, deployments_url:https://api.github.com/repos/PhilNorman2/monkey/deployments, created_at:2017-10-19T17:57:30Z, updated_at:2017-10-19T17:57:30Z, pushed_at:2017-10-19T17:57:31Z, git_url:git://github.com/PhilNorman2/monkey.git, ssh_url:git@github.com:PhilNorman2/monkey.git, clone_url:https://github.com/PhilNorman2/monkey.git, svn_url:https://github.com/PhilNorman2/monkey, homepage:null, size:0, stargazers_count:0, watchers_count:0, language:null, has_issues:true, has_projects:true, has_downloads:true, has_wiki:true, has_pages:false, forks_count:0, mirror_url:null, open_issues_count:0, forks:0, open_issues:0, watchers:0, default_branch:master, permissions:[admin:true, push:true, pull:true]], null, null, null, null, null, null, null, null] size=2 modCount=2>
the results should include a repository name *
loop through repo names
api-validation
monkey
worked: true

  Scenario: I need a new repository                            ?[90m# repo-create.feature:2?[0m
    ?[32mGiven ?[0m?[32mI am an authenticated user?[0m                           ?[90m# repo-create_steps.groovy:20?[0m
    ?[32mWhen ?[0m?[32mI create the "?[0m?[32m?[1mmonkey?[0m?[32m" repository?[0m                      ?[90m# repo-create_steps.groovy:46?[0m
    ?[32mAnd ?[0m?[32mI request a list of my repositories?[0m                    ?[90m# repo-create_steps.groovy:77?[0m
    ?[32mThen ?[0m?[32mThe results should include a repository name "?[0m?[32m?[1mmonkey?[0m?[32m"?[0m ?[90m# repo-create_steps.groovy:99?[0m
Feature: This is an important repository
when I watch the * repository
monkey
https://api.github.com/repos/PhilNorman2/monkey/subscription
The * repositiory will list me as a watcher
find match on input and subscription
[monkey]
monkey
worked: true
then I delete the repository called *
monkey
https://api.github.com/repos/PhilNorman2/monkey

  Scenario: I want to know when something happens with this repository ?[90m# repo-watch.feature:2?[0m
    ?[32mGiven ?[0m?[32mI am an authenticated user?[0m                                   ?[90m# repo-create_steps.groovy:20?[0m
    ?[32mAnd ?[0m?[32mI have a repository called "?[0m?[32m?[1mmonkey?[0m?[32m"?[0m                            ?[90m# repo-create_steps.groovy:131?[0m
    ?[32mWhen ?[0m?[32mI watch the "?[0m?[32m?[1mmonkey?[0m?[32m" repository?[0m                               ?[90m# repo-create_steps.groovy:136?[0m
    ?[32mThen ?[0m?[32mThe "?[0m?[32m?[1mmonkey?[0m?[32m" repository will list me as a watcher?[0m             ?[90m# repo-create_steps.groovy:167?[0m
    ?[32mAnd ?[0m?[32mI delete the repository called "?[0m?[32m?[1mmonkey?[0m?[32m"?[0m                        ?[90m# repo-create_steps.groovy:202?[0m

4 Scenarios (?[32m4 passed?[0m)
15 Steps (?[32m15 passed?[0m)
0m2.765s

]]></system-out>
  <system-err><![CDATA[]]></system-err>
</testsuite>
